Library/Bee/Android/Prj/Mono2x/Gradle/launcher/build/intermediates/manifest_merge_blame_file/release/manifest-merger-blame-release-report.txt
1<?xml version="1.0" encoding="utf-8"?>
2<manifest xmlns:android="http://schemas.android.com/apk/res/android"
3    package="com.UnityTechnologies.com.unity.template.urpblank"
4    android:installLocation="preferExternal"
5    android:versionCode="1"
6    android:versionName="0.1.0" >
7
8    <uses-sdk
9        android:minSdkVersion="26"
9-->src\main\AndroidManifest.xml
10        android:targetSdkVersion="32" />
10-->src\main\AndroidManifest.xml
11
12    <supports-screens
12-->src\main\AndroidManifest.xml:4:3-163
13        android:anyDensity="true"
13-->src\main\AndroidManifest.xml:4:135-160
14        android:largeScreens="true"
14-->src\main\AndroidManifest.xml:4:78-105
15        android:normalScreens="true"
15-->src\main\AndroidManifest.xml:4:49-77
16        android:smallScreens="true"
16-->src\main\AndroidManifest.xml:4:21-48
17        android:xlargeScreens="true" />
17-->src\main\AndroidManifest.xml:4:106-134
18
19    <uses-permission android:name="android.permission.INTERNET" />
19-->[:unityLibrary] AndroidManifest.xml:10:5-67
19-->[:unityLibrary] AndroidManifest.xml:10:22-64
20    <uses-permission android:name="android.permission.CAMERA" />
20-->[:unityLibrary] AndroidManifest.xml:11:5-65
20-->[:unityLibrary] AndroidManifest.xml:11:22-62
21
22    <uses-feature android:glEsVersion="0x00030000" />
22-->[:unityLibrary] AndroidManifest.xml:13:5-54
22-->[:unityLibrary] AndroidManifest.xml:13:19-51
23    <uses-feature
23-->[:unityLibrary] AndroidManifest.xml:14:5-16:36
24        android:name="android.hardware.vulkan.version"
24-->[:unityLibrary] AndroidManifest.xml:15:9-55
25        android:required="false" />
25-->[:unityLibrary] AndroidManifest.xml:16:9-33
26    <uses-feature
26-->[:unityLibrary] AndroidManifest.xml:17:5-19:36
27        android:name="android.hardware.camera"
27-->[:unityLibrary] AndroidManifest.xml:18:9-47
28        android:required="true" />
28-->[:unityLibrary] AndroidManifest.xml:19:9-33
29    <uses-feature
29-->[:unityLibrary] AndroidManifest.xml:20:5-22:36
30        android:name="android.hardware.camera.autofocus"
30-->[:unityLibrary] AndroidManifest.xml:21:9-57
31        android:required="false" />
31-->[:unityLibrary] AndroidManifest.xml:22:9-33
32    <uses-feature
32-->[:unityLibrary] AndroidManifest.xml:23:5-25:36
33        android:name="android.hardware.camera.front"
33-->[:unityLibrary] AndroidManifest.xml:24:9-53
34        android:required="false" />
34-->[:unityLibrary] AndroidManifest.xml:25:9-33
35    <uses-feature
35-->[:unityLibrary] AndroidManifest.xml:26:5-28:36
36        android:name="android.hardware.touchscreen"
36-->[:unityLibrary] AndroidManifest.xml:27:9-52
37        android:required="false" />
37-->[:unityLibrary] AndroidManifest.xml:28:9-33
38    <uses-feature
38-->[:unityLibrary] AndroidManifest.xml:29:5-31:36
39        android:name="android.hardware.touchscreen.multitouch"
39-->[:unityLibrary] AndroidManifest.xml:30:9-63
40        android:required="false" />
40-->[:unityLibrary] AndroidManifest.xml:31:9-33
41    <uses-feature
41-->[:unityLibrary] AndroidManifest.xml:32:5-34:36
42        android:name="android.hardware.touchscreen.multitouch.distinct"
42-->[:unityLibrary] AndroidManifest.xml:33:9-72
43        android:required="false" />
43-->[:unityLibrary] AndroidManifest.xml:34:9-33
44    <!--
45        Required by Vuforia: Add this permission to access IMU sensors at high rate
46        for device tracker functionality on Android 12+.
47    -->
48    <uses-permission android:name="android.permission.HIGH_SAMPLING_RATE_SENSORS" /> <!-- Required by Vuforia: Add this permission to allow checking of network. -->
48-->[:VuforiaEngine:] AndroidManifest.xml:16:5-85
48-->[:VuforiaEngine:] AndroidManifest.xml:16:22-82
49    <uses-permission android:name="android.permission.ACCESS_NETWORK_STATE" />
49-->[:VuforiaEngine:] AndroidManifest.xml:19:5-79
49-->[:VuforiaEngine:] AndroidManifest.xml:19:22-76
50
51    <application
51-->src\main\AndroidManifest.xml:3:3-83
52        android:extractNativeLibs="true"
52-->[:unityLibrary] AndroidManifest.xml:36:18-50
53        android:icon="@mipmap/app_icon"
53-->src\main\AndroidManifest.xml:3:49-80
54        android:label="@string/app_name" >
54-->src\main\AndroidManifest.xml:3:16-48
55        <meta-data
55-->[:unityLibrary] AndroidManifest.xml:37:9-39:33
56            android:name="unity.splash-mode"
56-->[:unityLibrary] AndroidManifest.xml:38:13-45
57            android:value="0" />
57-->[:unityLibrary] AndroidManifest.xml:39:13-30
58        <meta-data
58-->[:unityLibrary] AndroidManifest.xml:40:9-42:36
59            android:name="unity.splash-enable"
59-->[:unityLibrary] AndroidManifest.xml:41:13-47
60            android:value="True" />
60-->[:unityLibrary] AndroidManifest.xml:42:13-33
61        <meta-data
61-->[:unityLibrary] AndroidManifest.xml:43:9-45:36
62            android:name="unity.launch-fullscreen"
62-->[:unityLibrary] AndroidManifest.xml:44:13-51
63            android:value="True" />
63-->[:unityLibrary] AndroidManifest.xml:45:13-33
64        <meta-data
64-->[:unityLibrary] AndroidManifest.xml:46:9-48:50
65            android:name="notch.config"
65-->[:unityLibrary] AndroidManifest.xml:47:13-40
66            android:value="portrait|landscape" />
66-->[:unityLibrary] AndroidManifest.xml:48:13-47
67        <meta-data
67-->[:unityLibrary] AndroidManifest.xml:49:9-51:36
68            android:name="unity.auto-report-fully-drawn"
68-->[:unityLibrary] AndroidManifest.xml:50:13-57
69            android:value="true" />
69-->[:unityLibrary] AndroidManifest.xml:51:13-33
70
71        <activity
71-->[:unityLibrary] AndroidManifest.xml:53:9-74:20
72            android:name="com.unity3d.player.UnityPlayerActivity"
72-->[:unityLibrary] AndroidManifest.xml:54:13-66
73            android:configChanges="mcc|mnc|locale|touchscreen|keyboard|keyboardHidden|navigation|orientation|screenLayout|uiMode|screenSize|smallestScreenSize|fontScale|layoutDirection|density"
73-->[:unityLibrary] AndroidManifest.xml:55:13-194
74            android:exported="true"
74-->[:unityLibrary] AndroidManifest.xml:56:13-36
75            android:hardwareAccelerated="false"
75-->[:unityLibrary] AndroidManifest.xml:57:13-48
76            android:launchMode="singleTask"
76-->[:unityLibrary] AndroidManifest.xml:58:13-44
77            android:resizeableActivity="false"
77-->[:unityLibrary] AndroidManifest.xml:59:13-47
78            android:screenOrientation="landscape"
78-->[:unityLibrary] AndroidManifest.xml:60:13-50
79            android:theme="@style/UnityThemeSelector" >
79-->[:unityLibrary] AndroidManifest.xml:61:13-54
80            <intent-filter>
80-->[:unityLibrary] AndroidManifest.xml:62:13-66:29
81                <category android:name="android.intent.category.LAUNCHER" />
81-->[:unityLibrary] AndroidManifest.xml:63:17-77
81-->[:unityLibrary] AndroidManifest.xml:63:27-74
82
83                <action android:name="android.intent.action.MAIN" />
83-->[:unityLibrary] AndroidManifest.xml:65:17-69
83-->[:unityLibrary] AndroidManifest.xml:65:25-66
84            </intent-filter>
85
86            <meta-data
86-->[:unityLibrary] AndroidManifest.xml:68:13-70:40
87                android:name="unityplayer.UnityActivity"
87-->[:unityLibrary] AndroidManifest.xml:69:17-57
88                android:value="true" />
88-->[:unityLibrary] AndroidManifest.xml:70:17-37
89            <meta-data
89-->[:unityLibrary] AndroidManifest.xml:71:13-73:40
90                android:name="notch_support"
90-->[:unityLibrary] AndroidManifest.xml:72:17-45
91                android:value="true" />
91-->[:unityLibrary] AndroidManifest.xml:73:17-37
92        </activity>
93
94        <meta-data
94-->[:unityLibrary] AndroidManifest.xml:76:9-78:40
95            android:name="com.google.ar.core"
95-->[:unityLibrary] AndroidManifest.xml:77:13-46
96            android:value="optional" />
96-->[:unityLibrary] AndroidManifest.xml:78:13-37
97
98        <provider
98-->[:VuforiaEngine:] AndroidManifest.xml:25:9-33:20
99            android:name="com.vuforia.engine.app.VuforiaContentProvider"
99-->[:VuforiaEngine:] AndroidManifest.xml:26:13-73
100            android:authorities="com.UnityTechnologies.com.unity.template.urpblank.vuforia.share"
100-->[:VuforiaEngine:] AndroidManifest.xml:27:13-65
101            android:exported="false"
101-->[:VuforiaEngine:] AndroidManifest.xml:28:13-37
102            android:grantUriPermissions="true" >
102-->[:VuforiaEngine:] AndroidManifest.xml:29:13-47
103            <meta-data
103-->[:VuforiaEngine:] AndroidManifest.xml:30:13-32:53
104                android:name="android.support.FILE_PROVIDER_PATHS"
104-->[:VuforiaEngine:] AndroidManifest.xml:31:17-67
105                android:resource="@xml/filepaths" />
105-->[:VuforiaEngine:] AndroidManifest.xml:32:17-50
106        </provider>
107    </application>
108
109</manifest>